<?xml version="1.0" encoding="UTF-8"?>
<testsuite name="io.grpc.examples.helloworld.HelloWorldClientTest" tests="1" skipped="0" failures="0" errors="0" timestamp="2018-05-29T14:09:30" hostname="LAPTOP-LC2LCSK6" time="0.024">
  <properties/>
  <testcase name="greet_messageDeliveredToServer" classname="io.grpc.examples.helloworld.HelloWorldClientTest" time="0.024"/>
  <system-out><![CDATA[]]></system-out>
  <system-err><![CDATA[May 29, 2018 7:39:30 PM io.grpc.examples.helloworld.HelloWorldClient greet
INFO: Will try to greet test name ...
May 29, 2018 7:39:30 PM io.grpc.examples.helloworld.HelloWorldClient greet
WARNING: RPC failed: Status{code=UNIMPLEMENTED, description=Method helloworld.Greeter/SayHello is unimplemented, cause=null}
]]></system-err>
</testsuite>
