<?xml version="1.0" encoding="UTF-8"?>
<testsuite name="io.grpc.examples.header.HeaderClientInterceptorTest" tests="1" skipped="0" failures="0" errors="0" timestamp="2018-05-29T14:09:29" hostname="LAPTOP-LC2LCSK6" time="0.696">
  <properties/>
  <testcase name="clientHeaderDeliveredToServer" classname="io.grpc.examples.header.HeaderClientInterceptorTest" time="0.696"/>
  <system-out><![CDATA[]]></system-out>
  <system-err><![CDATA[]]></system-err>
</testsuite>
